<?xml version="1.0" encoding="UTF-8"?>
<!-- Generated by org.testng.reporters.JUnitReportReporter -->
<testsuite hostname="DESKTOP-J2L11FB" failures="0" tests="2" name="testScripts.InventoryPageTest" time="9.243" errors="0" timestamp="2024-11-07T11:31:53 IST" skipped="0">
  <testcase classname="testScripts.InventoryPageTest" name="verifyCarytbtnClicable" time="7.037"/>
  <testcase classname="testScripts.InventoryPageTest" name="VerifyCartContainer" time="2.206"/>
</testsuite> <!-- testScripts.InventoryPageTest -->
