<?xml version="1.0" encoding="UTF-8"?>
<!-- Generated by org.testng.reporters.JUnitReportReporter -->
<testsuite hostname="DESKTOP-J2L11FB" failures="0" tests="5" name="testScripts.LoginTest" time="40.300" errors="0" timestamp="2024-11-07T11:31:53 IST" skipped="0">
  <testcase classname="testScripts.LoginTest" name="Verify_valid_Login_Functionality" time="4.646"/>
  <testcase classname="testScripts.LoginTest" name="Verify_Invalid_Login_Functionality" time="11.473"/>
  <testcase classname="testScripts.LoginTest" name="Verify_Invalid_Login_Functionality" time="8.351"/>
  <testcase classname="testScripts.LoginTest" name="Verify_Login_with_empty_username" time="8.351"/>
  <testcase classname="testScripts.LoginTest" name="Verify_Login_with_empty_password" time="7.479"/>
</testsuite> <!-- testScripts.LoginTest -->
