<?xml version="1.0" encoding="UTF-8"?>
<!-- Generated by org.testng.reporters.JUnitReportReporter -->
<testsuite hostname="DESKTOP-J2L11FB" failures="0" tests="1" name="testScripts.LogoutPageTest" time="4.755" errors="0" timestamp="2024-11-07T11:31:53 IST" skipped="0">
  <testcase classname="testScripts.LogoutPageTest" name="verifyLogout" time="4.755"/>
</testsuite> <!-- testScripts.LogoutPageTest -->
