<?xml version="1.0" encoding="UTF-8"?>
<!-- Generated by org.testng.reporters.JUnitReportReporter -->
<testsuite hostname="DESKTOP-J2L11FB" failures="0" tests="1" name="testScripts.CartPageTest" time="2.926" errors="0" timestamp="2024-11-07T11:31:53 IST" skipped="0">
  <testcase classname="testScripts.CartPageTest" name="VerifyCheckoutBtnClicable" time="2.926"/>
</testsuite> <!-- testScripts.CartPageTest -->
