<?xml version="1.0" encoding="UTF-8"?>
<!-- Generated by org.testng.reporters.JUnitReportReporter -->
<testsuite hostname="DESKTOP-J2L11FB" failures="0" tests="1" name="testScripts.FinishPageTest" time="5.952" errors="0" timestamp="2024-11-07T11:31:53 IST" skipped="0">
  <testcase classname="testScripts.FinishPageTest" name="verifyFinishBtn" time="5.952"/>
</testsuite> <!-- testScripts.FinishPageTest -->
